Using pre-set license
Built from '2020.3/release' branch; Version is '2020.3.31f1 (6b54b7616050) revision 7034039'; Using compiler version '192528614'; Build Type 'Release'
OS: 'Windows 10  (10.0.19041) 64bit Professional' Language: 'ru' Physical Memory: 8150 MB
BatchMode: 1, IsHumanControllingUs: 0, StartBugReporterOnCrash: 0, Is64bit: 1, IsPro: 0

COMMAND LINE ARGUMENTS:
C:\Program Files\Unity\Hub\Editor\2020.3.31f1\Editor\Unity.exe
-adb2
-batchMode
-noUpm
-name
AssetImportWorker0
-projectPath
C:/Serf/Racing/Racing/My project
-logFile
Logs/AssetImportWorker0.log
-srvPort
57588
Successfully changed project path to: C:/Serf/Racing/Racing/My project
C:/Serf/Racing/Racing/My project
Using Asset Import Pipeline V2.
Refreshing native plugins compatible for Editor in 43.69 ms, found 2 plugins.
Preloading 0 native plugins for Editor in 0.00 ms.
Initialize engine version: 2020.3.31f1 (6b54b7616050)
[Subsystems] Discovering subsystems at path C:/Program Files/Unity/Hub/Editor/2020.3.31f1/Editor/Data/Resources/UnitySubsystems
[Subsystems] Discovering subsystems at path C:/Serf/Racing/Racing/My project/Assets
GfxDevice: creating device client; threaded=0
Direct3D:
    Version:  Direct3D 11.0 [level 11.1]
    Renderer: Radeon RX 570 Series (ID=0x67df)
    Vendor:   
    VRAM:     4075 MB
    Driver:   30.0.14023.1009
Initialize mono
Mono path[0] = 'C:/Program Files/Unity/Hub/Editor/2020.3.31f1/Editor/Data/Managed'
Mono path[1] = 'C:/Program Files/Unity/Hub/Editor/2020.3.31f1/Editor/Data/MonoBleedingEdge/lib/mono/unityjit'
Mono config path = 'C:/Program Files/Unity/Hub/Editor/2020.3.31f1/Editor/Data/MonoBleedingEdge/etc'
Using monoOptions --debugger-agent=transport=dt_socket,embedding=1,server=y,suspend=n,address=127.0.0.1:56440
Begin MonoManager ReloadAssembly
Registering precompiled unity dll's ...
Register platform support module: C:/Program Files/Unity/Hub/Editor/2020.3.31f1/Editor/Data/PlaybackEngines/WindowsStandaloneSupport/UnityEditor.WindowsStandalone.Extensions.dll
Registered in 0.002211 seconds.
Native extension for WindowsStandalone target not found
Refreshing native plugins compatible for Editor in 41.66 ms, found 2 plugins.
Preloading 0 native plugins for Editor in 0.00 ms.
Mono: successfully reloaded assembly
- Completed reload, in  0.706 seconds
Domain Reload Profiling:
	ReloadAssembly (706ms)
		BeginReloadAssembly (81ms)
			ExecutionOrderSort (0ms)
			DisableScriptedObjects (0ms)
			BackupInstance (0ms)
			ReleaseScriptingObjects (0ms)
			CreateAndSetChildDomain (1ms)
		EndReloadAssembly (543ms)
			LoadAssemblies (79ms)
			RebuildTransferFunctionScriptingTraits (0ms)
			SetupTypeCache (198ms)
			ReleaseScriptCaches (0ms)
			RebuildScriptCaches (33ms)
			SetupLoadedEditorAssemblies (192ms)
				LogAssemblyErrors (0ms)
				InitializePlatformSupportModulesInManaged (5ms)
				SetLoadedEditorAssemblies (0ms)
				RefreshPlugins (42ms)
				BeforeProcessingInitializeOnLoad (18ms)
				ProcessInitializeOnLoadAttributes (96ms)
				ProcessInitializeOnLoadMethodAttributes (31ms)
				AfterProcessingInitializeOnLoad (0ms)
				EditorAssembliesLoaded (0ms)
			ExecutionOrderSort2 (0ms)
			AwakeInstancesAfterBackupRestoration (0ms)
Platform modules already initialized, skipping
Registering precompiled user dll's ...
Registered in 0.003219 seconds.
Begin MonoManager ReloadAssembly
Native extension for WindowsStandalone target not found
Refreshing native plugins compatible for Editor in 0.37 ms, found 2 plugins.
Preloading 0 native plugins for Editor in 0.00 ms.
Mono: successfully reloaded assembly
- Completed reload, in  1.210 seconds
Domain Reload Profiling:
	ReloadAssembly (1212ms)
		BeginReloadAssembly (207ms)
			ExecutionOrderSort (0ms)
			DisableScriptedObjects (6ms)
			BackupInstance (0ms)
			ReleaseScriptingObjects (0ms)
			CreateAndSetChildDomain (25ms)
		EndReloadAssembly (932ms)
			LoadAssemblies (126ms)
			RebuildTransferFunctionScriptingTraits (0ms)
			SetupTypeCache (316ms)
			ReleaseScriptCaches (0ms)
			RebuildScriptCaches (50ms)
			SetupLoadedEditorAssemblies (356ms)
				LogAssemblyErrors (0ms)
				InitializePlatformSupportModulesInManaged (5ms)
				SetLoadedEditorAssemblies (1ms)
				RefreshPlugins (0ms)
				BeforeProcessingInitializeOnLoad (91ms)
				ProcessInitializeOnLoadAttributes (242ms)
				ProcessInitializeOnLoadMethodAttributes (10ms)
				AfterProcessingInitializeOnLoad (7ms)
				EditorAssembliesLoaded (0ms)
			ExecutionOrderSort2 (0ms)
			AwakeInstancesAfterBackupRestoration (8ms)
Platform modules already initialized, skipping
========================================================================
Worker process is ready to serve import requests
Launched and connected shader compiler UnityShaderCompiler.exe after 0.09 seconds
Refreshing native plugins compatible for Editor in 0.69 ms, found 2 plugins.
Preloading 0 native plugins for Editor in 0.00 ms.
Unloading 1671 Unused Serialized files (Serialized files now loaded: 0)
System memory in use before: 95.0 MB.
System memory in use after: 95.1 MB.

Unloading 16 unused Assets to reduce memory usage. Loaded Objects now: 2134.
Total: 3.164800 ms (FindLiveObjects: 0.156800 ms CreateObjectMapping: 0.063300 ms MarkObjects: 2.908000 ms  DeleteObjects: 0.035600 ms)

AssetImportParameters requested are different than current active one (requested -> active):
  custom:framework-win-MediaFoundation: 216162199b28c13a410421893ffa2e32 -> 
  custom:video-decoder-ogg-theora: a1e56fd34408186e4bbccfd4996cb3dc -> 
  custom:container-muxer-webm: aa71ff27fc2769a1b78a27578f13a17b -> 
  custom:container-demuxer-webm: 4f35f7cbe854078d1ac9338744f61a02 -> 
  custom:container-demuxer-ogg: 62fdf1f143b41e24485cea50d1cbac27 -> 
  custom:video-encoder-webm-vp8: eb34c28f22e8b96e1ab97ce403110664 -> 
  custom:video-decoder-webm-vp8: 9c59270c3fd7afecdb556c50c9e8de78 -> 
  custom:audio-decoder-ogg-vorbis: bf7c407c2cedff20999df2af8eb42d56 -> 
  custom:audio-encoder-webm-vorbis: bf7c407c2cedff20999df2af8eb42d56 -> 
========================================================================
Received Import Request.
  path: Assets/STYLIZED - FREE Drift Car/Prefabs/RTI
  artifactKey: Guid(a22597bc5b633f842a5d71f59001ad66) Importer(815301076,1909f56bfc062723c751e8b465ee728b)
Start importing Assets/STYLIZED - FREE Drift Car/Prefabs/RTI using Guid(a22597bc5b633f842a5d71f59001ad66) Importer(815301076,1909f56bfc062723c751e8b465ee728b)  -> (artifact id: '2cae5164c73e7d8ff539f0d6beabe437') in 0.017735 seconds 
========================================================================
Received Import Request.
  Time since last request: 0.000306 seconds.
  path: Assets/STYLIZED - FREE Drift Car/Prefabs
  artifactKey: Guid(24e2d3e15e9e26449b82eb76ceaff22c) Importer(815301076,1909f56bfc062723c751e8b465ee728b)
Start importing Assets/STYLIZED - FREE Drift Car/Prefabs using Guid(24e2d3e15e9e26449b82eb76ceaff22c) Importer(815301076,1909f56bfc062723c751e8b465ee728b)  -> (artifact id: 'f83c522a66aff07f8c4ae125a10d0919') in 0.021125 seconds 
========================================================================
Received Prepare
Registering precompiled user dll's ...
Registered in 0.003052 seconds.
Begin MonoManager ReloadAssembly
Native extension for WindowsStandalone target not found
Refreshing native plugins compatible for Editor in 0.38 ms, found 2 plugins.
Preloading 0 native plugins for Editor in 0.00 ms.
Mono: successfully reloaded assembly
- Completed reload, in  1.142 seconds
Domain Reload Profiling:
	ReloadAssembly (1142ms)
		BeginReloadAssembly (136ms)
			ExecutionOrderSort (0ms)
			DisableScriptedObjects (6ms)
			BackupInstance (0ms)
			ReleaseScriptingObjects (0ms)
			CreateAndSetChildDomain (36ms)
		EndReloadAssembly (938ms)
			LoadAssemblies (112ms)
			RebuildTransferFunctionScriptingTraits (0ms)
			SetupTypeCache (302ms)
			ReleaseScriptCaches (1ms)
			RebuildScriptCaches (51ms)
			SetupLoadedEditorAssemblies (364ms)
				LogAssemblyErrors (0ms)
				InitializePlatformSupportModulesInManaged (5ms)
				SetLoadedEditorAssemblies (1ms)
				RefreshPlugins (0ms)
				BeforeProcessingInitializeOnLoad (84ms)
				ProcessInitializeOnLoadAttributes (249ms)
				ProcessInitializeOnLoadMethodAttributes (15ms)
				AfterProcessingInitializeOnLoad (10ms)
				EditorAssembliesLoaded (0ms)
			ExecutionOrderSort2 (0ms)
			AwakeInstancesAfterBackupRestoration (7ms)
Platform modules already initialized, skipping
Switching build target platform(19) subTarget(0) extendedPlatform(0) -> platform(9) subTarget(16777218) extendedPlatform(0)
Refreshing native plugins compatible for Editor in 0.60 ms, found 2 plugins.
Preloading 0 native plugins for Editor in 0.00 ms.
Unloading 1666 Unused Serialized files (Serialized files now loaded: 0)
System memory in use before: 94.4 MB.
System memory in use after: 94.5 MB.

Unloading 12 unused Assets to reduce memory usage. Loaded Objects now: 2137.
Total: 3.498200 ms (FindLiveObjects: 0.184900 ms CreateObjectMapping: 0.217500 ms MarkObjects: 3.054500 ms  DeleteObjects: 0.040400 ms)

AssetImportParameters requested are different than current active one (requested -> active):
  custom:framework-win-MediaFoundation: 216162199b28c13a410421893ffa2e32 -> 
  custom:video-decoder-ogg-theora: a1e56fd34408186e4bbccfd4996cb3dc -> 
  custom:container-muxer-webm: aa71ff27fc2769a1b78a27578f13a17b -> 
  custom:container-demuxer-webm: 4f35f7cbe854078d1ac9338744f61a02 -> 
  custom:container-demuxer-ogg: 62fdf1f143b41e24485cea50d1cbac27 -> 
  custom:video-encoder-webm-vp8: eb34c28f22e8b96e1ab97ce403110664 -> 
  custom:video-decoder-webm-vp8: 9c59270c3fd7afecdb556c50c9e8de78 -> 
  custom:graphics/normal-map-encoding: 01000000000000000000000000000000 -> 02000000000000000000000000000000
  custom:audio-decoder-ogg-vorbis: bf7c407c2cedff20999df2af8eb42d56 -> 
  custom:audio-encoder-webm-vorbis: bf7c407c2cedff20999df2af8eb42d56 -> 
========================================================================
Received Import Request.
  Time since last request: 407.527189 seconds.
  path: Assets/Asphalt_materials
  artifactKey: Guid(4c1a5e95ee077be4489d0db490f54bae) Importer(815301076,1909f56bfc062723c751e8b465ee728b)
Start importing Assets/Asphalt_materials using Guid(4c1a5e95ee077be4489d0db490f54bae) Importer(815301076,1909f56bfc062723c751e8b465ee728b)  -> (artifact id: 'fc0e15e5ad94199c091e34e0ecffaf21') in 0.016106 seconds 
========================================================================
Received Import Request.
  Time since last request: 36.212842 seconds.
  path: Assets/Asphalt_materials/Scenes
  artifactKey: Guid(3567e647660954d248936274667c5d1d) Importer(815301076,1909f56bfc062723c751e8b465ee728b)
Start importing Assets/Asphalt_materials/Scenes using Guid(3567e647660954d248936274667c5d1d) Importer(815301076,1909f56bfc062723c751e8b465ee728b)  -> (artifact id: '9b329d8c7a7d3de3e59996d9065af934') in 0.017766 seconds 
========================================================================
Received Import Request.
  Time since last request: 0.632743 seconds.
  path: Assets/Asphalt_materials/Textures
  artifactKey: Guid(26e25193cc7ef404bb0e71904f917d91) Importer(815301076,1909f56bfc062723c751e8b465ee728b)
Start importing Assets/Asphalt_materials/Textures using Guid(26e25193cc7ef404bb0e71904f917d91) Importer(815301076,1909f56bfc062723c751e8b465ee728b)  -> (artifact id: 'f85e97ed7eeeecbc052a08efa721529b') in 0.014864 seconds 
========================================================================
Received Import Request.
  Time since last request: 2.235357 seconds.
  path: Assets/Asphalt_materials/Materials
  artifactKey: Guid(030c83e6b46eb412d99b3f1bf1ac42bb) Importer(815301076,1909f56bfc062723c751e8b465ee728b)
Start importing Assets/Asphalt_materials/Materials using Guid(030c83e6b46eb412d99b3f1bf1ac42bb) Importer(815301076,1909f56bfc062723c751e8b465ee728b)  -> (artifact id: '670450ec53d9d8ee47d401f3f2365682') in 0.015625 seconds 
========================================================================
Received Import Request.
  Time since last request: 110.465628 seconds.
  path: Assets/PoliceCar_01/Materials/Black.mat
  artifactKey: Guid(bdf2968b55181b2488714d3d42cfd8ea) Importer(815301076,1909f56bfc062723c751e8b465ee728b)
Start importing Assets/PoliceCar_01/Materials/Black.mat using Guid(bdf2968b55181b2488714d3d42cfd8ea) Importer(815301076,1909f56bfc062723c751e8b465ee728b)  -> (artifact id: 'a6b17d65696fef9d05a62bf679881192') in 0.161681 seconds 
========================================================================
Received Import Request.
  Time since last request: 0.000261 seconds.
  path: Assets/PoliceCar_01/Meshes/PoliceCar_01.FBX
  artifactKey: Guid(115f8c155bc483040ae408006e98c07c) Importer(815301076,1909f56bfc062723c751e8b465ee728b)
Start importing Assets/PoliceCar_01/Meshes/PoliceCar_01.FBX using Guid(115f8c155bc483040ae408006e98c07c) Importer(815301076,1909f56bfc062723c751e8b465ee728b)  -> (artifact id: '922620261572fff7c022e1fecb3a69f8') in 0.385957 seconds 
========================================================================
Received Import Request.
  Time since last request: 22.157130 seconds.
  path: Assets/PoliceCar_01/Materials/Chrome.mat
  artifactKey: Guid(23db8782a4cb88b4ca3dae0b7a255f2c) Importer(815301076,1909f56bfc062723c751e8b465ee728b)
Start importing Assets/PoliceCar_01/Materials/Chrome.mat using Guid(23db8782a4cb88b4ca3dae0b7a255f2c) Importer(815301076,1909f56bfc062723c751e8b465ee728b)  -> (artifact id: '8506c87d03dc60757976d87d6a421132') in 0.024411 seconds 
========================================================================
Received Import Request.
  Time since last request: 0.031701 seconds.
  path: Assets/PoliceCar_01/Materials/Glass.mat
  artifactKey: Guid(a9c1299d54594ab4080673f87d018196) Importer(815301076,1909f56bfc062723c751e8b465ee728b)
Start importing Assets/PoliceCar_01/Materials/Glass.mat using Guid(a9c1299d54594ab4080673f87d018196) Importer(815301076,1909f56bfc062723c751e8b465ee728b)  -> (artifact id: '0c33c11ad1c34f5e909ac35212e65993') in 0.015268 seconds 
========================================================================
Received Import Request.
  Time since last request: 0.373634 seconds.
  path: Assets/PoliceCar_01/Materials/LightBlue.mat
  artifactKey: Guid(7ac872cab8d3b684abee8cdfdf12215d) Importer(815301076,1909f56bfc062723c751e8b465ee728b)
Start importing Assets/PoliceCar_01/Materials/LightBlue.mat using Guid(7ac872cab8d3b684abee8cdfdf12215d) Importer(815301076,1909f56bfc062723c751e8b465ee728b)  -> (artifact id: '890a97e44b4277f62ded1351e2a6c150') in 0.014493 seconds 
========================================================================
Received Import Request.
  Time since last request: 0.000311 seconds.
  path: Assets/PoliceCar_01/Materials/LightOrange.mat
  artifactKey: Guid(59335d699f6b45e4f9ccfc81f8301377) Importer(815301076,1909f56bfc062723c751e8b465ee728b)
Start importing Assets/PoliceCar_01/Materials/LightOrange.mat using Guid(59335d699f6b45e4f9ccfc81f8301377) Importer(815301076,1909f56bfc062723c751e8b465ee728b)  -> (artifact id: 'c3b0876fdb16ccedd28115a960062d28') in 0.023651 seconds 
========================================================================
Received Import Request.
  Time since last request: 0.000956 seconds.
  path: Assets/PoliceCar_01/Materials/LightRed.mat
  artifactKey: Guid(260445db8a391d145ae21e5e60703dc9) Importer(815301076,1909f56bfc062723c751e8b465ee728b)
Start importing Assets/PoliceCar_01/Materials/LightRed.mat using Guid(260445db8a391d145ae21e5e60703dc9) Importer(815301076,1909f56bfc062723c751e8b465ee728b)  -> (artifact id: '0587b6f86a84c373b1c6cde5d46648de') in 0.018861 seconds 
========================================================================
Received Import Request.
  Time since last request: 0.000367 seconds.
  path: Assets/PoliceCar_01/Materials/LightWhite.mat
  artifactKey: Guid(79bcd4e5a2379c64a82e9461aacfa318) Importer(815301076,1909f56bfc062723c751e8b465ee728b)
Start importing Assets/PoliceCar_01/Materials/LightWhite.mat using Guid(79bcd4e5a2379c64a82e9461aacfa318) Importer(815301076,1909f56bfc062723c751e8b465ee728b)  -> (artifact id: '71f69ac9524e1f82a86c2336c43daeda') in 0.018620 seconds 
========================================================================
Received Import Request.
  Time since last request: 0.278317 seconds.
  path: Assets/PoliceCar_01/Materials/Metal.mat
  artifactKey: Guid(863217ee6afe80f4d862047b176535ad) Importer(815301076,1909f56bfc062723c751e8b465ee728b)
Start importing Assets/PoliceCar_01/Materials/Metal.mat using Guid(863217ee6afe80f4d862047b176535ad) Importer(815301076,1909f56bfc062723c751e8b465ee728b)  -> (artifact id: '269f786ea225f77ec88768850e91687e') in 0.024093 seconds 
========================================================================
Received Import Request.
  Time since last request: 0.000319 seconds.
  path: Assets/PoliceCar_01/Materials/paintDarkBlue.mat
  artifactKey: Guid(051e0f52bddfd4c4cb8b0a05b359c22a) Importer(815301076,1909f56bfc062723c751e8b465ee728b)
Start importing Assets/PoliceCar_01/Materials/paintDarkBlue.mat using Guid(051e0f52bddfd4c4cb8b0a05b359c22a) Importer(815301076,1909f56bfc062723c751e8b465ee728b)  -> (artifact id: '6a911d0d517dfb71592f36f0c623ae45') in 0.020811 seconds 
========================================================================
Received Import Request.
  Time since last request: 0.000304 seconds.
  path: Assets/PoliceCar_01/Materials/paintWhite.mat
  artifactKey: Guid(cde63d6c73b651640b4cb1e5cbfacaf3) Importer(815301076,1909f56bfc062723c751e8b465ee728b)
Start importing Assets/PoliceCar_01/Materials/paintWhite.mat using Guid(cde63d6c73b651640b4cb1e5cbfacaf3) Importer(815301076,1909f56bfc062723c751e8b465ee728b)  -> (artifact id: 'd6932b7555ca379dafaf735c5d3fb0dd') in 0.022459 seconds 
========================================================================
Received Import Request.
  Time since last request: 50.932594 seconds.
  path: Assets/Materials/CheckPointAnim.anim
  artifactKey: Guid(7e106ab03ea35a64bb1991beea26b611) Importer(815301076,1909f56bfc062723c751e8b465ee728b)
Start importing Assets/Materials/CheckPointAnim.anim using Guid(7e106ab03ea35a64bb1991beea26b611) Importer(815301076,1909f56bfc062723c751e8b465ee728b)  -> (artifact id: '85828884bae812b86b1105df5137159d') in 0.009159 seconds 
========================================================================
Received Import Request.
  Time since last request: 693.811985 seconds.
  path: Assets/Joystick Pack/Prefabs
  artifactKey: Guid(d41e4075f56d1e1438b3af3673ec6081) Importer(815301076,1909f56bfc062723c751e8b465ee728b)
Start importing Assets/Joystick Pack/Prefabs using Guid(d41e4075f56d1e1438b3af3673ec6081) Importer(815301076,1909f56bfc062723c751e8b465ee728b)  -> (artifact id: 'f54cb6ea702f71956222b34d2d39ed42') in 0.006061 seconds 
========================================================================
Received Import Request.
  Time since last request: 28.887442 seconds.
  path: Assets/Low Poly Police Car Pack
  artifactKey: Guid(0690573f071e6db4681d3c6f93368547) Importer(815301076,1909f56bfc062723c751e8b465ee728b)
Start importing Assets/Low Poly Police Car Pack using Guid(0690573f071e6db4681d3c6f93368547) Importer(815301076,1909f56bfc062723c751e8b465ee728b)  -> (artifact id: '18fd03ebb5ac784871f9a1d0bb3d1b4b') in 0.009261 seconds 
========================================================================
Received Import Request.
  Time since last request: 9.910725 seconds.
  path: Assets/PoliceCar_01
  artifactKey: Guid(7762029ce9528334bb478a22a2b6d922) Importer(815301076,1909f56bfc062723c751e8b465ee728b)
Start importing Assets/PoliceCar_01 using Guid(7762029ce9528334bb478a22a2b6d922) Importer(815301076,1909f56bfc062723c751e8b465ee728b)  -> (artifact id: '9e92cfd8d82bd8bc440e5b557b056d23') in 0.004169 seconds 
========================================================================
Received Prepare
Registering precompiled user dll's ...
Registered in 0.005280 seconds.
Begin MonoManager ReloadAssembly
Native extension for WindowsStandalone target not found
Refreshing native plugins compatible for Editor in 0.46 ms, found 2 plugins.
Preloading 0 native plugins for Editor in 0.00 ms.
Mono: successfully reloaded assembly
- Completed reload, in  1.104 seconds
Domain Reload Profiling:
	ReloadAssembly (1104ms)
		BeginReloadAssembly (154ms)
			ExecutionOrderSort (0ms)
			DisableScriptedObjects (5ms)
			BackupInstance (0ms)
			ReleaseScriptingObjects (0ms)
			CreateAndSetChildDomain (39ms)
		EndReloadAssembly (875ms)
			LoadAssemblies (126ms)
			RebuildTransferFunctionScriptingTraits (0ms)
			SetupTypeCache (293ms)
			ReleaseScriptCaches (1ms)
			RebuildScriptCaches (46ms)
			SetupLoadedEditorAssemblies (323ms)
				LogAssemblyErrors (0ms)
				InitializePlatformSupportModulesInManaged (5ms)
				SetLoadedEditorAssemblies (1ms)
				RefreshPlugins (1ms)
				BeforeProcessingInitializeOnLoad (81ms)
				ProcessInitializeOnLoadAttributes (219ms)
				ProcessInitializeOnLoadMethodAttributes (10ms)
				AfterProcessingInitializeOnLoad (8ms)
				EditorAssembliesLoaded (0ms)
			ExecutionOrderSort2 (0ms)
			AwakeInstancesAfterBackupRestoration (7ms)
Platform modules already initialized, skipping
Switching build target platform(19) subTarget(0) extendedPlatform(0) -> platform(9) subTarget(16777218) extendedPlatform(0)
Refreshing native plugins compatible for Editor in 0.63 ms, found 2 plugins.
Preloading 0 native plugins for Editor in 0.00 ms.
Unloading 1666 Unused Serialized files (Serialized files now loaded: 0)
System memory in use before: 97.9 MB.
System memory in use after: 98.0 MB.

Unloading 12 unused Assets to reduce memory usage. Loaded Objects now: 2183.
Total: 4.247800 ms (FindLiveObjects: 0.159100 ms CreateObjectMapping: 0.069000 ms MarkObjects: 3.981600 ms  DeleteObjects: 0.037000 ms)

AssetImportParameters requested are different than current active one (requested -> active):
  custom:framework-win-MediaFoundation: 216162199b28c13a410421893ffa2e32 -> 
  custom:video-decoder-ogg-theora: a1e56fd34408186e4bbccfd4996cb3dc -> 
  custom:container-muxer-webm: aa71ff27fc2769a1b78a27578f13a17b -> 
  custom:container-demuxer-webm: 4f35f7cbe854078d1ac9338744f61a02 -> 
  custom:container-demuxer-ogg: 62fdf1f143b41e24485cea50d1cbac27 -> 
  custom:video-encoder-webm-vp8: eb34c28f22e8b96e1ab97ce403110664 -> 
  custom:video-decoder-webm-vp8: 9c59270c3fd7afecdb556c50c9e8de78 -> 
  custom:graphics/normal-map-encoding: 01000000000000000000000000000000 -> 02000000000000000000000000000000
  custom:audio-decoder-ogg-vorbis: bf7c407c2cedff20999df2af8eb42d56 -> 
  custom:audio-encoder-webm-vorbis: bf7c407c2cedff20999df2af8eb42d56 -> 
========================================================================
Received Import Request.
  Time since last request: 1224.659265 seconds.
  path: Assets/Materials/Asphalt_materials/Textures/Asphalt_texture10
  artifactKey: Guid(97479ace36019478b8f6f986f1ff5878) Importer(815301076,1909f56bfc062723c751e8b465ee728b)
Start importing Assets/Materials/Asphalt_materials/Textures/Asphalt_texture10 using Guid(97479ace36019478b8f6f986f1ff5878) Importer(815301076,1909f56bfc062723c751e8b465ee728b)  -> (artifact id: '22c0874088a0cd078bfcc9bdb0303bdd') in 0.010968 seconds 
========================================================================
Received Import Request.
  Time since last request: 0.069097 seconds.
  path: Assets/Materials/Asphalt_materials/Textures/Asphalt_texture10/AmbientOcclusionMap-10.png
  artifactKey: Guid(dc78e27c932ea4b038d4931f5e2f1058) Importer(815301076,1909f56bfc062723c751e8b465ee728b)
Start importing Assets/Materials/Asphalt_materials/Textures/Asphalt_texture10/AmbientOcclusionMap-10.png using Guid(dc78e27c932ea4b038d4931f5e2f1058) Importer(815301076,1909f56bfc062723c751e8b465ee728b)  -> (artifact id: '3c12710b7496c85c5031edbc0f108bdf') in 0.162304 seconds 
========================================================================
Received Import Request.
  Time since last request: 0.000310 seconds.
  path: Assets/Materials/Asphalt_materials/Textures/Asphalt_texture10/DisplacementMap-10.png
  artifactKey: Guid(423c34663926246d3ad0c002116900e1) Importer(815301076,1909f56bfc062723c751e8b465ee728b)
Start importing Assets/Materials/Asphalt_materials/Textures/Asphalt_texture10/DisplacementMap-10.png using Guid(423c34663926246d3ad0c002116900e1) Importer(815301076,1909f56bfc062723c751e8b465ee728b)  -> (artifact id: '72e892e0f6aeb1af0883531c4aa2b475') in 0.104490 seconds 
========================================================================
Received Import Request.
  Time since last request: 0.000276 seconds.
  path: Assets/Materials/Asphalt_materials/Textures/Asphalt_texture10/Asphalt_texture_10.png
  artifactKey: Guid(24249f8c9c0414e71b717acadb1ac270) Importer(815301076,1909f56bfc062723c751e8b465ee728b)
Start importing Assets/Materials/Asphalt_materials/Textures/Asphalt_texture10/Asphalt_texture_10.png using Guid(24249f8c9c0414e71b717acadb1ac270) Importer(815301076,1909f56bfc062723c751e8b465ee728b)  -> (artifact id: 'f88c51318c23e7dc88e145d6b3cde910') in 0.114193 seconds 
========================================================================
Received Import Request.
  Time since last request: 0.000264 seconds.
  path: Assets/Materials/Asphalt_materials/Textures/Asphalt_texture10/NormalMap-10.png
  artifactKey: Guid(019ba87d5cf7b4fb8a8a9aa37ad391bf) Importer(815301076,1909f56bfc062723c751e8b465ee728b)
Start importing Assets/Materials/Asphalt_materials/Textures/Asphalt_texture10/NormalMap-10.png using Guid(019ba87d5cf7b4fb8a8a9aa37ad391bf) Importer(815301076,1909f56bfc062723c751e8b465ee728b)  -> (artifact id: 'ced7ac079c0fedaa894baef1945a283a') in 0.104218 seconds 
========================================================================
Received Import Request.
  Time since last request: 60.159495 seconds.
  path: Assets/Prefabs/CheckPoint.prefab
  artifactKey: Guid(81ea6b35b16e87445819113e3b7c848e) Importer(815301076,1909f56bfc062723c751e8b465ee728b)
Start importing Assets/Prefabs/CheckPoint.prefab using Guid(81ea6b35b16e87445819113e3b7c848e) Importer(815301076,1909f56bfc062723c751e8b465ee728b)  -> (artifact id: '45145967fdd0466876a590bc10d7748c') in 0.431868 seconds 
========================================================================
Received Prepare
Registering precompiled user dll's ...
Registered in 0.003016 seconds.
Begin MonoManager ReloadAssembly
Native extension for WindowsStandalone target not found
Refreshing native plugins compatible for Editor in 0.38 ms, found 2 plugins.
Preloading 0 native plugins for Editor in 0.00 ms.
Mono: successfully reloaded assembly
- Completed reload, in  1.151 seconds
Domain Reload Profiling:
	ReloadAssembly (1152ms)
		BeginReloadAssembly (129ms)
			ExecutionOrderSort (0ms)
			DisableScriptedObjects (5ms)
			BackupInstance (0ms)
			ReleaseScriptingObjects (0ms)
			CreateAndSetChildDomain (35ms)
		EndReloadAssembly (957ms)
			LoadAssemblies (111ms)
			RebuildTransferFunctionScriptingTraits (0ms)
			SetupTypeCache (331ms)
			ReleaseScriptCaches (1ms)
			RebuildScriptCaches (45ms)
			SetupLoadedEditorAssemblies (351ms)
				LogAssemblyErrors (0ms)
				InitializePlatformSupportModulesInManaged (5ms)
				SetLoadedEditorAssemblies (1ms)
				RefreshPlugins (0ms)
				BeforeProcessingInitializeOnLoad (83ms)
				ProcessInitializeOnLoadAttributes (240ms)
				ProcessInitializeOnLoadMethodAttributes (12ms)
				AfterProcessingInitializeOnLoad (10ms)
				EditorAssembliesLoaded (0ms)
			ExecutionOrderSort2 (0ms)
			AwakeInstancesAfterBackupRestoration (8ms)
Platform modules already initialized, skipping
Switching build target platform(19) subTarget(0) extendedPlatform(0) -> platform(9) subTarget(16777218) extendedPlatform(0)
Refreshing native plugins compatible for Editor in 0.38 ms, found 2 plugins.
Preloading 0 native plugins for Editor in 0.00 ms.
Unloading 1666 Unused Serialized files (Serialized files now loaded: 0)
System memory in use before: 98.0 MB.
System memory in use after: 98.1 MB.

Unloading 13 unused Assets to reduce memory usage. Loaded Objects now: 2189.
Total: 3.537200 ms (FindLiveObjects: 0.270100 ms CreateObjectMapping: 0.157300 ms MarkObjects: 3.065500 ms  DeleteObjects: 0.043200 ms)

AssetImportParameters requested are different than current active one (requested -> active):
  custom:framework-win-MediaFoundation: 216162199b28c13a410421893ffa2e32 -> 
  custom:video-decoder-ogg-theora: a1e56fd34408186e4bbccfd4996cb3dc -> 
  custom:container-muxer-webm: aa71ff27fc2769a1b78a27578f13a17b -> 
  custom:container-demuxer-webm: 4f35f7cbe854078d1ac9338744f61a02 -> 
  custom:container-demuxer-ogg: 62fdf1f143b41e24485cea50d1cbac27 -> 
  custom:video-encoder-webm-vp8: eb34c28f22e8b96e1ab97ce403110664 -> 
  custom:video-decoder-webm-vp8: 9c59270c3fd7afecdb556c50c9e8de78 -> 
  custom:graphics/normal-map-encoding: 01000000000000000000000000000000 -> 02000000000000000000000000000000
  custom:audio-decoder-ogg-vorbis: bf7c407c2cedff20999df2af8eb42d56 -> 
  custom:audio-encoder-webm-vorbis: bf7c407c2cedff20999df2af8eb42d56 -> 
========================================================================
Received Prepare
Registering precompiled user dll's ...
Registered in 0.005069 seconds.
Begin MonoManager ReloadAssembly
Native extension for WindowsStandalone target not found
Refreshing native plugins compatible for Editor in 0.54 ms, found 2 plugins.
Preloading 0 native plugins for Editor in 0.00 ms.
Mono: successfully reloaded assembly
- Completed reload, in  1.206 seconds
Domain Reload Profiling:
	ReloadAssembly (1207ms)
		BeginReloadAssembly (141ms)
			ExecutionOrderSort (0ms)
			DisableScriptedObjects (5ms)
			BackupInstance (0ms)
			ReleaseScriptingObjects (0ms)
			CreateAndSetChildDomain (36ms)
		EndReloadAssembly (984ms)
			LoadAssemblies (123ms)
			RebuildTransferFunctionScriptingTraits (0ms)
			SetupTypeCache (336ms)
			ReleaseScriptCaches (1ms)
			RebuildScriptCaches (48ms)
			SetupLoadedEditorAssemblies (350ms)
				LogAssemblyErrors (0ms)
				InitializePlatformSupportModulesInManaged (5ms)
				SetLoadedEditorAssemblies (1ms)
				RefreshPlugins (1ms)
				BeforeProcessingInitializeOnLoad (84ms)
				ProcessInitializeOnLoadAttributes (240ms)
				ProcessInitializeOnLoadMethodAttributes (12ms)
				AfterProcessingInitializeOnLoad (9ms)
				EditorAssembliesLoaded (0ms)
			ExecutionOrderSort2 (0ms)
			AwakeInstancesAfterBackupRestoration (8ms)
Platform modules already initialized, skipping
Switching build target platform(19) subTarget(0) extendedPlatform(0) -> platform(9) subTarget(16777218) extendedPlatform(0)
Refreshing native plugins compatible for Editor in 0.40 ms, found 2 plugins.
Preloading 0 native plugins for Editor in 0.00 ms.
Unloading 1666 Unused Serialized files (Serialized files now loaded: 0)
System memory in use before: 98.0 MB.
System memory in use after: 98.1 MB.

Unloading 12 unused Assets to reduce memory usage. Loaded Objects now: 2192.
Total: 3.624600 ms (FindLiveObjects: 0.255300 ms CreateObjectMapping: 0.106500 ms MarkObjects: 3.223200 ms  DeleteObjects: 0.037700 ms)

AssetImportParameters requested are different than current active one (requested -> active):
  custom:framework-win-MediaFoundation: 216162199b28c13a410421893ffa2e32 -> 
  custom:video-decoder-ogg-theora: a1e56fd34408186e4bbccfd4996cb3dc -> 
  custom:container-muxer-webm: aa71ff27fc2769a1b78a27578f13a17b -> 
  custom:container-demuxer-webm: 4f35f7cbe854078d1ac9338744f61a02 -> 
  custom:container-demuxer-ogg: 62fdf1f143b41e24485cea50d1cbac27 -> 
  custom:video-encoder-webm-vp8: eb34c28f22e8b96e1ab97ce403110664 -> 
  custom:video-decoder-webm-vp8: 9c59270c3fd7afecdb556c50c9e8de78 -> 
  custom:graphics/normal-map-encoding: 01000000000000000000000000000000 -> 02000000000000000000000000000000
  custom:audio-decoder-ogg-vorbis: bf7c407c2cedff20999df2af8eb42d56 -> 
  custom:audio-encoder-webm-vorbis: bf7c407c2cedff20999df2af8eb42d56 -> 
========================================================================
Received Import Request.
  Time since last request: 304.274583 seconds.
  path: Assets/Prefabs/Low Poly Police Car Pack/Prefabs/Props
  artifactKey: Guid(9cd4c8031713abb4baba9d4870db3fe3) Importer(815301076,1909f56bfc062723c751e8b465ee728b)
Start importing Assets/Prefabs/Low Poly Police Car Pack/Prefabs/Props using Guid(9cd4c8031713abb4baba9d4870db3fe3) Importer(815301076,1909f56bfc062723c751e8b465ee728b)  -> (artifact id: '5080f6ec141c3e6dc3c40b1fbfad0fc7') in 0.011238 seconds 
========================================================================
Received Import Request.
  Time since last request: 0.695647 seconds.
  path: Assets/Prefabs/Low Poly Police Car Pack/Prefabs/Cars v2/Police Car v2 1.prefab
  artifactKey: Guid(4d5eca5256c268d40a9be50903005eb5) Importer(815301076,1909f56bfc062723c751e8b465ee728b)
Start importing Assets/Prefabs/Low Poly Police Car Pack/Prefabs/Cars v2/Police Car v2 1.prefab using Guid(4d5eca5256c268d40a9be50903005eb5) Importer(815301076,1909f56bfc062723c751e8b465ee728b)  -> (artifact id: 'b61f1ed238c205516345303d35bf40fd') in 0.154213 seconds 
========================================================================
Received Import Request.
  Time since last request: 5.429292 seconds.
  path: Assets/Prefabs/Low Poly Police Car Pack/Prefabs/Cars v3
  artifactKey: Guid(49aa5a9440186764c9bd425438a0c3f9) Importer(815301076,1909f56bfc062723c751e8b465ee728b)
Start importing Assets/Prefabs/Low Poly Police Car Pack/Prefabs/Cars v3 using Guid(49aa5a9440186764c9bd425438a0c3f9) Importer(815301076,1909f56bfc062723c751e8b465ee728b)  -> (artifact id: '47063771d9bd2eccd88a51a459bec606') in 0.008424 seconds 
========================================================================
Received Import Request.
  Time since last request: 24.241922 seconds.
  path: Assets/Asphalt_materials
  artifactKey: Guid(a8533274b47da3b4993fadcf8188f65e) Importer(815301076,1909f56bfc062723c751e8b465ee728b)
Start importing Assets/Asphalt_materials using Guid(a8533274b47da3b4993fadcf8188f65e) Importer(815301076,1909f56bfc062723c751e8b465ee728b)  -> (artifact id: '85723140575c5a0b0b960e8ee13e2d88') in 0.003944 seconds 
========================================================================
Received Prepare
Registering precompiled user dll's ...
Registered in 0.003172 seconds.
Begin MonoManager ReloadAssembly
Native extension for WindowsStandalone target not found
Refreshing native plugins compatible for Editor in 0.39 ms, found 2 plugins.
Preloading 0 native plugins for Editor in 0.00 ms.
Mono: successfully reloaded assembly
- Completed reload, in  1.258 seconds
Domain Reload Profiling:
	ReloadAssembly (1258ms)
		BeginReloadAssembly (134ms)
			ExecutionOrderSort (0ms)
			DisableScriptedObjects (6ms)
			BackupInstance (0ms)
			ReleaseScriptingObjects (0ms)
			CreateAndSetChildDomain (36ms)
		EndReloadAssembly (1055ms)
			LoadAssemblies (110ms)
			RebuildTransferFunctionScriptingTraits (0ms)
			SetupTypeCache (339ms)
			ReleaseScriptCaches (1ms)
			RebuildScriptCaches (55ms)
			SetupLoadedEditorAssemblies (401ms)
				LogAssemblyErrors (0ms)
				InitializePlatformSupportModulesInManaged (6ms)
				SetLoadedEditorAssemblies (1ms)
				RefreshPlugins (0ms)
				BeforeProcessingInitializeOnLoad (87ms)
				ProcessInitializeOnLoadAttributes (284ms)
				ProcessInitializeOnLoadMethodAttributes (13ms)
				AfterProcessingInitializeOnLoad (9ms)
				EditorAssembliesLoaded (0ms)
			ExecutionOrderSort2 (0ms)
			AwakeInstancesAfterBackupRestoration (10ms)
Platform modules already initialized, skipping
Switching build target platform(19) subTarget(0) extendedPlatform(0) -> platform(9) subTarget(16777218) extendedPlatform(0)
Refreshing native plugins compatible for Editor in 0.39 ms, found 2 plugins.
Preloading 0 native plugins for Editor in 0.00 ms.
Unloading 1666 Unused Serialized files (Serialized files now loaded: 0)
System memory in use before: 98.0 MB.
System memory in use after: 98.1 MB.

Unloading 12 unused Assets to reduce memory usage. Loaded Objects now: 2196.
Total: 3.746700 ms (FindLiveObjects: 0.289800 ms CreateObjectMapping: 0.124100 ms MarkObjects: 3.296200 ms  DeleteObjects: 0.035700 ms)

AssetImportParameters requested are different than current active one (requested -> active):
  custom:framework-win-MediaFoundation: 216162199b28c13a410421893ffa2e32 -> 
  custom:video-decoder-ogg-theora: a1e56fd34408186e4bbccfd4996cb3dc -> 
  custom:container-muxer-webm: aa71ff27fc2769a1b78a27578f13a17b -> 
  custom:container-demuxer-webm: 4f35f7cbe854078d1ac9338744f61a02 -> 
  custom:container-demuxer-ogg: 62fdf1f143b41e24485cea50d1cbac27 -> 
  custom:video-encoder-webm-vp8: eb34c28f22e8b96e1ab97ce403110664 -> 
  custom:video-decoder-webm-vp8: 9c59270c3fd7afecdb556c50c9e8de78 -> 
  custom:graphics/normal-map-encoding: 01000000000000000000000000000000 -> 02000000000000000000000000000000
  custom:audio-decoder-ogg-vorbis: bf7c407c2cedff20999df2af8eb42d56 -> 
  custom:audio-encoder-webm-vorbis: bf7c407c2cedff20999df2af8eb42d56 -> 
========================================================================
Received Import Request.
  Time since last request: 603.222618 seconds.
  path: Assets/Prefabs/Car
  artifactKey: Guid(fa9805be7a2706b40b40029f04ac16fd) Importer(815301076,1909f56bfc062723c751e8b465ee728b)
Start importing Assets/Prefabs/Car using Guid(fa9805be7a2706b40b40029f04ac16fd) Importer(815301076,1909f56bfc062723c751e8b465ee728b)  -> (artifact id: 'bff58349ea1b2614db58f1fddd61c0cd') in 0.012222 seconds 
========================================================================
Received Import Request.
  Time since last request: 370.301599 seconds.
  path: Assets/Joystick Pack/Documentaion.pdf
  artifactKey: Guid(cfa813ed406827e43b967abd54ab5b9a) Importer(815301076,1909f56bfc062723c751e8b465ee728b)
Start importing Assets/Joystick Pack/Documentaion.pdf using Guid(cfa813ed406827e43b967abd54ab5b9a) Importer(815301076,1909f56bfc062723c751e8b465ee728b)  -> (artifact id: '695bef9d9d901e14976a8075b44a05d7') in 0.078847 seconds 
========================================================================
Received Import Request.
  Time since last request: 14.995850 seconds.
  path: Assets/Scripts/SpawnManager.cs
  artifactKey: Guid(81411134876e2f1498945a0c6c86e3d2) Importer(815301076,1909f56bfc062723c751e8b465ee728b)
Start importing Assets/Scripts/SpawnManager.cs using Guid(81411134876e2f1498945a0c6c86e3d2) Importer(815301076,1909f56bfc062723c751e8b465ee728b)  -> (artifact id: '882f89c94450a4c75c954a79714ad617') in 0.015598 seconds 
========================================================================
Received Import Request.
  Time since last request: 113.502626 seconds.
  path: Assets/Scripts/SpawnManager.cs
  artifactKey: Guid(81411134876e2f1498945a0c6c86e3d2) Importer(815301076,1909f56bfc062723c751e8b465ee728b)
Start importing Assets/Scripts/SpawnManager.cs using Guid(81411134876e2f1498945a0c6c86e3d2) Importer(815301076,1909f56bfc062723c751e8b465ee728b)  -> (artifact id: '0f3d281a05f47ff33141ee0c1af2111c') in 0.011860 seconds 
========================================================================
Received Prepare
Registering precompiled user dll's ...
Registered in 0.005602 seconds.
Begin MonoManager ReloadAssembly
Native extension for WindowsStandalone target not found
Refreshing native plugins compatible for Editor in 0.40 ms, found 2 plugins.
Preloading 0 native plugins for Editor in 0.00 ms.
Mono: successfully reloaded assembly
- Completed reload, in  1.267 seconds
Domain Reload Profiling:
	ReloadAssembly (1268ms)
		BeginReloadAssembly (141ms)
			ExecutionOrderSort (0ms)
			DisableScriptedObjects (5ms)
			BackupInstance (0ms)
			ReleaseScriptingObjects (0ms)
			CreateAndSetChildDomain (35ms)
		EndReloadAssembly (1050ms)
			LoadAssemblies (127ms)
			RebuildTransferFunctionScriptingTraits (0ms)
			SetupTypeCache (395ms)
			ReleaseScriptCaches (1ms)
			RebuildScriptCaches (46ms)
			SetupLoadedEditorAssemblies (345ms)
				LogAssemblyErrors (0ms)
				InitializePlatformSupportModulesInManaged (5ms)
				SetLoadedEditorAssemblies (1ms)
				RefreshPlugins (0ms)
				BeforeProcessingInitializeOnLoad (87ms)
				ProcessInitializeOnLoadAttributes (232ms)
				ProcessInitializeOnLoadMethodAttributes (12ms)
				AfterProcessingInitializeOnLoad (8ms)
				EditorAssembliesLoaded (0ms)
			ExecutionOrderSort2 (0ms)
			AwakeInstancesAfterBackupRestoration (8ms)
Platform modules already initialized, skipping
Switching build target platform(19) subTarget(0) extendedPlatform(0) -> platform(9) subTarget(16777218) extendedPlatform(0)
Refreshing native plugins compatible for Editor in 0.49 ms, found 2 plugins.
Preloading 0 native plugins for Editor in 0.00 ms.
Unloading 1666 Unused Serialized files (Serialized files now loaded: 0)
System memory in use before: 98.0 MB.
System memory in use after: 98.1 MB.

Unloading 12 unused Assets to reduce memory usage. Loaded Objects now: 2199.
Total: 3.510100 ms (FindLiveObjects: 0.216100 ms CreateObjectMapping: 0.077500 ms MarkObjects: 3.192800 ms  DeleteObjects: 0.022700 ms)

AssetImportParameters requested are different than current active one (requested -> active):
  custom:framework-win-MediaFoundation: 216162199b28c13a410421893ffa2e32 -> 
  custom:video-decoder-ogg-theora: a1e56fd34408186e4bbccfd4996cb3dc -> 
  custom:container-muxer-webm: aa71ff27fc2769a1b78a27578f13a17b -> 
  custom:container-demuxer-webm: 4f35f7cbe854078d1ac9338744f61a02 -> 
  custom:container-demuxer-ogg: 62fdf1f143b41e24485cea50d1cbac27 -> 
  custom:video-encoder-webm-vp8: eb34c28f22e8b96e1ab97ce403110664 -> 
  custom:video-decoder-webm-vp8: 9c59270c3fd7afecdb556c50c9e8de78 -> 
  custom:graphics/normal-map-encoding: 01000000000000000000000000000000 -> 02000000000000000000000000000000
  custom:audio-decoder-ogg-vorbis: bf7c407c2cedff20999df2af8eb42d56 -> 
  custom:audio-encoder-webm-vorbis: bf7c407c2cedff20999df2af8eb42d56 -> 
AssetImportWorkerClient::OnTransportError - code=2 error=End of file
